<?xml version="1.0" encoding="UTF-8"?>
<!-- Generated by org.testng.reporters.JUnitXMLReporter -->
<testsuite hostname="Suncy-PC" ignored="0" name="单元测试" tests="2" failures="2" timestamp="06 五月 2018 06:52:00 GMT" time="0.104" errors="0">
  <testcase name="TestCase" time="0.001" classname="com.sc.springmvc.api.ApiTest">
    <failure type="java.lang.IllegalArgumentException" message="json string can not be null or empty">
      <![CDATA[java.lang.IllegalArgumentException: json string can not be null or empty
at com.jayway.jsonpath.internal.Utils.notEmpty(Utils.java:256)
at com.jayway.jsonpath.internal.JsonReader.parse(JsonReader.java:77)
at com.jayway.jsonpath.JsonPath.read(JsonPath.java:461)
at com.sc.springmvc.utils.CheckPointUtils.checkbyJsonPath(CheckPointUtils.java:19)
at com.sc.springmvc.api.ApiTest.TestCase(ApiTest.java:33)
at com.sc.springmvc.api.ScheduledApiTest.doSomethingWith(ScheduledApiTest.java:29)
at org.springframework.scheduling.support.ScheduledMethodRunnable.run(ScheduledMethodRunnable.java:65)
at org.springframework.scheduling.support.DelegatingErrorHandlingRunnable.run(DelegatingErrorHandlingRunnable.java:54)
at org.springframework.scheduling.concurrent.ReschedulingRunnable.run(ReschedulingRunnable.java:93)
at java.util.concurrent.Executors$RunnableAdapter.call(Executors.java:511)
at java.util.concurrent.FutureTask.run(FutureTask.java:266)
at java.util.concurrent.ScheduledThreadPoolExecutor$ScheduledFutureTask.access$201(ScheduledThreadPoolExecutor.java:180)
at java.util.concurrent.ScheduledThreadPoolExecutor$ScheduledFutureTask.run(ScheduledThreadPoolExecutor.java:293)
at java.util.concurrent.ThreadPoolExecutor.runWorker(ThreadPoolExecutor.java:1142)
at java.util.concurrent.ThreadPoolExecutor$Worker.run(ThreadPoolExecutor.java:617)
at java.lang.Thread.run(Thread.java:748)
... Removed 25 stack frames]]>
    </failure>
  </testcase> <!-- TestCase -->
  <testcase name="TestCase" time="0.0" classname="com.sc.springmvc.api.ApiTest">
    <failure type="java.lang.IllegalArgumentException" message="json string can not be null or empty">
      <![CDATA[java.lang.IllegalArgumentException: json string can not be null or empty
at com.jayway.jsonpath.internal.Utils.notEmpty(Utils.java:256)
at com.jayway.jsonpath.internal.JsonReader.parse(JsonReader.java:77)
at com.jayway.jsonpath.JsonPath.read(JsonPath.java:461)
at com.sc.springmvc.utils.CheckPointUtils.checkbyJsonPath(CheckPointUtils.java:19)
at com.sc.springmvc.api.ApiTest.TestCase(ApiTest.java:33)
at com.sc.springmvc.api.ScheduledApiTest.doSomethingWith(ScheduledApiTest.java:29)
at org.springframework.scheduling.support.ScheduledMethodRunnable.run(ScheduledMethodRunnable.java:65)
at org.springframework.scheduling.support.DelegatingErrorHandlingRunnable.run(DelegatingErrorHandlingRunnable.java:54)
at org.springframework.scheduling.concurrent.ReschedulingRunnable.run(ReschedulingRunnable.java:93)
at java.util.concurrent.Executors$RunnableAdapter.call(Executors.java:511)
at java.util.concurrent.FutureTask.run(FutureTask.java:266)
at java.util.concurrent.ScheduledThreadPoolExecutor$ScheduledFutureTask.access$201(ScheduledThreadPoolExecutor.java:180)
at java.util.concurrent.ScheduledThreadPoolExecutor$ScheduledFutureTask.run(ScheduledThreadPoolExecutor.java:293)
at java.util.concurrent.ThreadPoolExecutor.runWorker(ThreadPoolExecutor.java:1142)
at java.util.concurrent.ThreadPoolExecutor$Worker.run(ThreadPoolExecutor.java:617)
at java.lang.Thread.run(Thread.java:748)
... Removed 25 stack frames]]>
    </failure>
  </testcase> <!-- TestCase -->
</testsuite> <!-- 单元测试 -->
